<?xml version="1.0" encoding="UTF-8"?>
<!-- Generated by org.testng.reporters.JUnitReportReporter -->
<testsuite hostname="Bubneets-MacBook-Air.local" failures="0" tests="1" name="parallel.ParallelRunCuke" time="9.041" errors="0" timestamp="2024-01-12T18:01:51 EST" skipped="0">
  <testcase classname="parallel.ParallelRunCuke" name="runScenario" time="9.041"/>
</testsuite> <!-- parallel.ParallelRunCuke -->
