<?xml version="1.0" encoding="UTF-8"?>
<!-- Generated by org.testng.reporters.JUnitReportReporter -->
<testsuite hostname="Bubneets-MacBook-Air.local" failures="0" tests="3" name="parallel.ParallelRunCuke" time="37.263" errors="0" timestamp="2024-01-09T21:24:40 EST" skipped="0">
  <testcase classname="parallel.ParallelRunCuke" name="runScenario" time="14.316"/>
  <testcase classname="parallel.ParallelRunCuke" name="runScenario" time="5.765"/>
  <testcase classname="parallel.ParallelRunCuke" name="runScenario" time="17.182"/>
</testsuite> <!-- parallel.ParallelRunCuke -->
