<?xml version="1.0" encoding="UTF-8"?>
<!-- Generated by org.testng.reporters.JUnitReportReporter -->
<testsuite hostname="Bubneets-MacBook-Air.local" failures="0" tests="2" name="runner.RunCuke" time="33.700" errors="0" timestamp="2024-01-09T19:02:50 EST" skipped="0">
  <testcase classname="runner.RunCuke" name="runScenario" time="18.872"/>
  <testcase classname="runner.RunCuke" name="runScenario" time="14.828"/>
</testsuite> <!-- runner.RunCuke -->
